csvkit
pandas
pandas_datareader
qgrid
datatable
scrapy
beautifulsoup4
selenium
pattern3
numpy
scipy
xarray
sympy
matplotlib
seaborn
bokeh
holoviews
plotly
hvplot
plotnine
chartify
pygal
altair
ggplot
networkx
pydot
pillow
shapely
geopandas
geoplotlib
pyshp
folium
geoviews
pysal
statsmodels
pystan
fbprophet
sklearn
lightgbm
xgboost
catboost
keras
theano
tensorflow
tflearn
adanet
fastai
torchvision
h2o
mxnet-native
cntk
annoy
chainer
tpot
eli5
nltk
gensim
spacy
cython
dask
numba
pytest
jupyterlab
passlib
bcrypt
cryptography
Yahoo-ticker-downloader
