devtools
adabag
anglr
animation
AppliedPredictiveModeling
argonDash
argonR
arrow
arules
basictabler
billboarder
BioCircos
blastula
bcrypt
blogdown
broom
bs4Dash
bslib
bsplus
Cairo
car
caret
cartogram
cartography
CAST
cicerone
circlize
class
classInt
collapse
colorspace
colourpicker
concaveman
corrplot
cowplot
crosstalk
curl
d3heatmap
DALEX
data.table
DBI
dbplyr
deldir
dendextend
dggridR
DiagrammeR
dials
dichromat
diffobj
doMC
doParallel
doSNOW
dplyr
DT
dtplyr
dygraphs
e1071
edgebundleR
echarts4r
emojifont
esquisse
extrafont
fasterize
fasttime
feather
FFTrees
flexdashboard
flextable
fontawesome
forcats
foreach
forecast
formattable
fsr
fst
fullPage
furrr
future
future.apply
gam
gamlss
gbm
gcForest
geodrawr
geofacet
geogrid
geojson
geoops
geoR
geoRglm
georob
geosphere
geospark
geostan
ggalluvial
GGally
ggalt
gganimate
ggbeeswarm
ggedit
ggeffects
ggExtra
ggfocus
ggforce
ggfortify
gghighlight
ggimage
ggiraph
ggmap
ggmosaic
ggparallel
ggplot2
ggpmisc
ggpol
ggpubr
ggraph
ggrepel
ggridges
ggsci
ggspatial
ggstance
ggstatsplot
ggthemes
ggTimeSeries
ggupset
ggvoronoi
ggwordcloud
gh
ghibli
GISTools
glmnet
globals
glue
gmodels
googleVis
googleway
gridExtra
gstat
h2o
harrypotter
highcharter
Hmisc
hrbrthemes
htmltab
htmlTable
htmltools
htmlwidgets
httpuv
httr
hues
huxtable
igraph
imager
infer
inlmisc
ISOweek
jcolors
kableExtra
kernlab
kknn
KRIG
janitor
jsonlite
kernlab
klaR
knitr
lawn
leafem
leafgl
leaflet
leaflet.extras
leaflet.extras2
leaflet.minicharts
leafpop
leafsync
lemon
lineupjs
listviewer
lme4
lubridate
lutz
lwgeom
magick
magrittr
mailR
manipulateWidget
mapdeck
mapedit
maps
mapsapi
maptools
mapview
MASS
mboost
MCMCglmm
memoise
metricsgraphics
micromap
microplot
mlmRev
mlr3
mlr3spatial
mlr3spatiotempcv
modelr
mongolite
multcomp
networkD3
nnet
nngeo
odbc
officer
openintro
openxlsx
osrm
packrat
pairsD3
paletteer
palettetown
pals
parsermd
parsnip
party
partykit
patchwork
PBSmapping
pivottabler
pixiedust
plotly
plot3D
plotROC
pls
plumber
Polychrome
pROC
profvis
promises
prophet
purrr
pushbar
qqplotr
qs
quantmod
r2d3
radarchart
RagGrid
randomForest
ranger
raster
rasterpic
rayshader
rbokeh
rcartocolor
rclipboard
RColorBrewer
Rcpp
RCrawler
RCurl
reactlog
reactable
readr
readxl
recipes
Redmonder
redux
remedy
reticulate
rgdal
rgeos
rgl
rhandsontable
rintrojs
RJSONIO
rmapshaper
rmarkdown
RMySQL
rnoaa
ROCR
RODBC
roxygen2
rpart
rpivotTable
RPostgresSQL
rsample
RSQLite
rvest
s2
saeHB.spatial
sabre
scales
scatterD3
scico
sf
sfarrow
sfdep
sfheaders
sfnetworks
shiny
shinyalert
shinyanimate
shinyBS
shinybusy
shinycssloaders
shinycustomloader
shinydashboard
shinydashboardPlus
shinydisconnect
shinyDND
shinyEffects
shinyEventLogger
shinyFeedback
shinyFiles
shinyhelper
shinyjqui
shinyjs
shinyLP
shinymaterial
shinytest
shinythemes
shinyTree
shinyWidgets
smile
smoothr
sna
sp
sparklyr
spatialreg
spatialRF
SpatialTools
spatialwidget
spatstat
spdep
spfilteR
spind
spNetwork
spots
spqdep
sqldf
stars
stringr
sunburstR
supercells
superml
survival
survminer
table1
tablerDash
tensorflow
terra
testthat
thematic
threejs
tidycensus
tidygeocoder
tidymodels
tidyquant
tidyr
tidytext
tidyxl
tilegramsR
timevis
tinter
tmap
tmaptools
toastui
tree
treemapify
trelliscopejs
tsbox
tseries
tweenr
units
utf8
validate
vapour
vcd
viridis
visNetwork
voronoiTreemap
vroom
waffle
waiter
wesanderson
whiteboxR
wordcloud2
wrapr
xaringan
xaringanExtra
xaringanthemer
xgboost
XML
xml2
xtable
xts
yarrr
yardstick
zeallot
zoo
gapminder
Lahman
nycflights13
palmerpenguins
