emitanaka/anicon
jcheng5/bubbles
dreamRs/capture
daranzolin/compareBars
ThomasSiegmund/D3TableFilter
hadley/emo
gadenbuie/epoxy
rstudio/fontawesome
RinteRface/fullPage
JohnCoene/g2r
AliciaSchep/gglabeller
gadenbuie/ggpomological
cttobin/ggthemr
mikkelkrogsholm/hexamapmaker
hafen/hexmapr
psychemedia/htmlwidget-hexjson
ropenscilabs/icon
johannesbjork/LaCroixColoR
lineupjs/lineup_htmlwidget
r-lib/lobstr
hrbrmstr/markdowntemplates
hannesmuehleisen/MonetDBLite-R
cmap/morpheus.R
chengvt/MovingBubbles
ropenscilabs/ochRe
timelyportfolio/parcoords
feddelegrand7/pivta
EmilHvitfeldt/quickpalette
vankesteren/rijkspalette
ropensci/rnoaa
bwlewis/rthreejs
hoesler/rwantshue
redichh/shapleyR
RinteRface/shinybulma
AnalytixWare/ShinySky
yonicd/snapper
hrbrmstr/streamgraph
hrbrmstr/taucharts
dreamRs/topogram
m-clark/visibly
giswqs/whiteboxR
gadenbuie/xaringanExtra
