devtools
abstractr
adabag
ade4
adespatial
alluvial
Amelia
animation
animint2
aniview
anomalize
anomaly
aos
apexcharter
aplot
AppliedPredictiveModeling
apyramid
argonDash
argonR
arules
assertthat
auth0
autoimage
basictabler
bcrypt
biglmm
bigrquery
billboarder
BioCircos
biscale
bivariate
blastula
bookdown
bookdownplus
boot
breakDown
broom
broomExtra
bs4Dash
bslib
bsplus
BTM
bubblyr
butcher
c3
C50
ca
Cairo
callr
canvasXpress
car
CARBayes
CARBayesST
caret
cartograflow
cartogram
cartography
CAST
catmaply
caTools
changepoint
checkdown
chron
cicerone
circlize
circumplex
class
classInt
cluster
clustertend
clustree
clValid
coefplot
collapsibleTree
colorspace
colourlovers
colourpicker
concaveman
configr
corazon
CORElearn
corrgram
corrplot
corrr
coveffectsplot
cowplot
cptcity
cranly
cronologia
crosstalk
countrycode
customLayout
D3partitionR
d3r
d3Tree
DALEX
dashboardthemes
data.table
DataEditR
DataExplorer
datasets
daterangepicker
dbplyr
dbscan
deldir
dendextend
DescTools
dggridR
DHARMa
DiagrammeR
dials
dichromat
diffobj
directlabels
disk.frame
dismo
distill
doBy
doFuture
doMC
doParallel
downloadthis
dplyr
drake
DT
dtplyr
dtree
dygraphs
e1071
earth
easyalluvial
ECharts2Shiny
echarts4r
edgebundleR
egg
emdi
emmeans
emojifont
esquisse
evir
ExPosition
extrafont
fable
fabletools
fabricerin
factoextra
FactoMineR
farver
fastcluster
fastmap
fasttime
feasts
feather
ff
FitARMA
fitdistrplus
flexclust
flexdashboard
flexmix
flextable
flipdownr
fMultivar
fontcm
forcats
foreach
forecast
foreign
formattable
Formula
fpc
fresh
fst
funModeling
furrr
future
future.apply
future.batchtools
future.callr
gam
gapminder
gbm
gdata
geodist
geodrawr
geofacet
geogrid
geojson
geojsonio
geojsonR
geojsonsf
geomnet
geonames
geonetwork
geoR
georob
geosphere
geostatsp
gfonts
ggalluvial
GGally
ggallin
gganimate
ggalt
ggasym
ggbeeswarm
ggbuildr
ggcharts
ggChernoff
ggconf
ggcorrplot
ggdark
ggdendro
ggeasy
ggedit
ggeffects
ggExtra
ggfan
ggfittext
ggfocus
ggforce
ggformula
ggfortify
gggibbous
gghalves
gghighlight
ggimage
gginnards
ggiraph
ggiraphExtra
ggmap
ggmosaic
ggnetwork
ggnormalviolin
ggpage
ggparallel
ggparliament
ggparty
ggplot2
ggpmisc
ggPMX
ggpointdensity
ggpubr
ggQC
ggquickeda
ggRandomForests
ggraph
ggrepel
ggResidpanel
ggridges
ggsci
ggseas
ggsignif
ggspatial
ggstance
ggstar
ggstatsplot
ggtern
ggthemes
ggTimeSeries
ggupset
ggVennDiagram
ggvis
ggvoronoi
ggwordcloud
ghibli
gifski
giphyr
GISTools
git2r
gllvm
glm2
glmnet
glue
gmodels
googleAnalyticsR
googleAuthR
googlesheets
googleVis
googleway
gotop
gplots
gradientPickerD3
gratia
greybox
grid
gridExtra
gstat
gsubfn
gt
gtable
gtools
GWmodel
h2o
haven
healthcareai
heatmap3
heatmaply
heddlr
here
hexbin
hexSticker
highcharter
Hmisc
hms
hoardr
hover
hrbrthemes
htmltab
htmlTable
htmltools
htmlwidgets
httpuv
httr
huge
huxtable
i2dash
igraph
iheatmapr
imager
iml
implyr
infer
influxdbr
inlmisc
interplot
ipred
irlba
isdparser
ISOweek
iterators
janitor
jcolors
jsonlite
jsonify
kableExtra
keras
kernlab
keys
khroma
kknn
klaR
knitr
knnp
kohonen
koRpus
landmap
languageR
lars
lattice
latticeExtra
lctools
leafem
leaflegend
leaflet
leaflet.extras
leaflet.extras2
leaflet.minicharts
leaflet.multiopacity
leafpm
leafpop
leafsync
leaftime
leaps
learnr
lemon
lexicon
lime
linemap
lineupjs
lisa
listviewer
lme4
lmerTest
lmtest
logger
logiBin
lubridate
lwgeom
MachineShop
maditr
magick
magrittr
mailR
manipulate
manipulateWidget
mapdeck
mapedit
mapmisc
mapproj
maps
mapsapi
maptools
mapview
margins
MASS
Matrix
MatrixModels
matrixStats
mboost
mclust
mda
memoise
memor
merlin
metathis
metricsgraphics
mgcv
mgcViz
mice
microbenchmark
microplot
mindr
minqa
missForest
missMDA
missRanger
mlflow
mlogit
mlr
mlrMBO
ModelMetrics
modelr
moments
mongolite
mosaic
muHVT
multcomp
multicolor
munsell
mvtnorm
naniar
NbClust
ndtv
neo4r
network
networkD3
networkDynamic
neuralnet
nlme
nloptr
NMF
nnet
nngeo
nomisr
nord
odbc
officer
oompaBase
OpenMx
openNLP
openxlsx
osrm
packer
packrat
pagedown
pairsD3
palettetown
palr
pals
parallelDist
ParallelLogger
parallelMap
parallelPlot
parallelly
parcats
parcoords
parsermd
parsnip
party
partykit
pbkrtest
PerformanceAnalytics
pheatmap
pins
pivottabler
pixiedust
pkgdown
pkgmaker
PKI
plot.matrix
plothelper
plotKML
plotly
plotrix
plotROC
pls
plumber
plyr
pointdensityP
png
Polychrome
pool
PortfolioAnalytics
prediction
prettydoc
pROC
profvis
promises
prompter
prophet
psych
purrr
pushbar
pvclust
qcc
qdapRegex
qqplotr
quadprog
qualpalr
Quandl
quantmod
quantreg
radix
rAmCharts
randomcoloR
randomForest
randomForestSRC
ranger
RANN
r2d3
r2symbols
R3port
raster
rbin
rbokeh
rcane
rcartocolor
rclipboard
RColorBrewer
Rcpp
RcppArmadillo
RcppEigen
Rcrawler
RCurl
reactlog
reactable
reactR
readODS
readr
readxl
recipes
recmap
Redmonder
redux
registry
remap
remedy
reshape2
reticulate
Rfast
rfUtilities
rgdal
rgeos
RGF
rgl
rhandsontable
riem
rintrojs
rio
riverplot
rJava
RJSONIO
rlang
rmapshaper
rmapzen
rmarkdown
rmdformats
rms
RMySQL
ROCR
RODBC
rolldown
roxygen2
rpart
rpart.plot
rpivotTable
RPostgres
RRF
rsample
RSelenium
RSNNS
RSQLite
rtweet
rvest
rwavelet
RWeka
sandwich
sass
sbgcop
sboost
scales
scatterD3
scatterplot3d
scico
scrollrevealR
see
seg
semantic.dashboard
seqtest
sem
sever
sf
sfnetworks
shades
shiny.info
shiny.semantic
shiny.worker
shinipsum
shinyalert
shinyanimate
shinyBS
shinybusy
shinycssloaders
shinycustomloader
shinyCyJS
shinydashboard
shinyDND
shinydashboardPlus
shinyEffects
shinyFeedback
shinyFiles
shinyfullscreen
shinyglide
shinyhelper
shinyhttr
shinyjqui
shinyjs
shinyKnobs
shinylogs
shinyLP
shinymanager
shinymaterial
shinyMatrix
shinyMobile
shinyMonacoEditor
shinyobjects
shinypanels
shinyrecipes
shinyreforms
shinySearchbar
shinyscreenshot
shinytest
shinythemes
shinyTree
shinyWidgets
showtext
sigmajs
sigmaNet
simplevis
sjmisc
sjPlot
sjstats
skimr
slickR
slackr
smbinning
smooth
smoothr
sna
snow
SOAR
sortable
sp
spaMM
sparkline
sparklyr
SparseM
SpatialKDE
SpatialML
SpatialPosition
spatialreg
spatialwidget
spatstat
spatstat.utils
spatialEco
spData
spdep
spdplyr
splinetree
splitstackshape
splot
spm
spmoran
spnet
sqldf
stargazer
stars
stplanr
stringi
stringr
strucchange
sugarbag
sugrrants
summarytools
sunburstR
SuperLearner
supreme
survival
survminer
survxai
svd
svgPanZoom
SwarmSVM
sweep
table1
tablerDash
tableHTML
tabulizer
tau
tensorflow
testthat
texreg
text2vec
textmineR
thematic
tibble
tidycensus
tidygraph
tidyquant
tidyr
tidytext
tigris
tilegramsR
tiler
timetk
timevis
tinter
tippy
tm
tmap
tmaptools
tree
treemap
treemapify
trelliscopejs
TSA
tseries
tsibble
tsmp
tsutils
tufte
tune
tuneRanger
tweenr
twitteR
upsetjs
UpSetR
usethis
validate
vapour
vars
VCA
vcd
vcdExtra
vegawidget
viridis
visdat
visNetwork
visTree
voronoiTreemap
vov
vtreat
waffle
waiter
webreadr
wesanderson
widgetframe
withr
woeBinning
wordcloud2
workflows
wrapr
xaringan
xaringanthemer
xgboost
xlsx
XML
xml2
xtable
xts
yardstick
yarrr
ymlthis
zoo
ztable
